contig	start	stop	target	context	overflow	orientation	otCount	offTargets
Arhgap5/35.B::KhL105:27160-27182	0	23	CTGGTGATGGCAGAACTACGGGG	NONE	OK	FWD	4	CACGTGATGGCTAAACTACGAGG_1_4<KhC1:4555835^F>,CCGGCGATGGCAGACATACGGGG_1_4<KhC12:3609527^R>,CTGGGGCTGGCAGGACCACGGGG_1_4<KhC4:3398015^F>,CTGGTGATGGCAGAACTACGGGG_1_0<KhL105:27159^R>
Arhgap5/35.C::KhL105:28091-28113	0	23	GAGGTCCTCCCATACTCCCAAGG	NONE	OK	FWD	1	GAGGTCCTCCCATACTCCCAAGG_1_0<KhL105:28090^F>
Dynactin_6.A::KhL71:115532-115554	0	23	AGAGGGCAGTATAACAATCGGGG	NONE	OK	FWD	1	AGAGGGCAGTATAACAATCGGGG_1_0<KhL71:115531^R>
Dynactin_6.B::KhL71:114904-114926	0	23	CGTTCGAAGTTGGATCAGGTGGG	NONE	OK	FWD	1	CGTTCGAAGTTGGATCAGGTGGG_1_0<KhL71:114903^R>
Dynactin_6.C::KhL71:114371-114393	0	23	AACAGTTGTGTCATCGGTGCTGG	NONE	OK	FWD	9	AAAGTTTGTATCATCGGTGCTGG_1_4<KhC9:2085077^R>,AACAATTGCGTCATCGCTGCGGG_1_3<KhC4:4654421^R>,AACAATTGTAACATCTGTGCGGG_1_4<KhC12:4680411^R>,AACAGTTATATCATCCATGCCGG_1_4<KhS943:15795^F>,AACAGTTGAGGCAGAGGTGCCGG_1_4<KhC2:2156915^R>,AACAGTTGTGTCATCGGTGCTGG_1_0<KhL71:114370^R>,ATCAGTTTTGTGATGGGTGCTGG_1_4<KhC6:529077^R>,ATCATTTGTATCGTCGGTGCTGG_1_4<KhC9:4752544^F>,ATGAGTTGTGTCAGCGCTGCCGG_1_4<KhL17:55298^R>
Diaph.A::KhL40:109142-109164	0	23	GGCCACCAAACTATCCGAGAGGG	NONE	OK	FWD	1	GGCCACCAAACTATCCGAGAGGG_1_0<KhL40:109141^R>
Diaph.B::KhL40:105530-105552	0	23	CACTCAACAGCAACCCACTCAGG	NONE	OK	FWD	7	AGCACAACAGCAACCCACACGGG_1_4<KhC4:2274152^R>,CAATCCACAGCCACCAACTCGGG_1_4<KhS663:21011^R>,CACTCAAAAGCACCCCGCTGGGG_1_4<KhC10:3628472^R>,CACTCAACAGCAACCCACTCAGG_1_0<KhL40:105529^R>,CACTCAACAGCAATTAACCCAGG_1_4<KhC4:2286092^R>,CAGTCAACAGGAAAACACTCGGG_1_4<KhC5:4327512^R>,CTCTCAACAACAATCGACTCTGG_1_4<KhC10:2867679^R>
Diaph.C::KhL40:103154-103176	0	23	GAAGTGGCCGCAGTTACGAGTGG	NONE	OK	FWD	3	AAAGTTGCCGCAGTCACGAATGG_1_4<KhC5:2834176^R>,GAAGTGGCCGCAGTTACGAGTGG_1_0<KhL40:103153^R>,GAAGTTGCCGCTGTTCCCAGTGG_1_4<KhC11:1450879^F>
Fbp.A::KhC13:1724746-1724768	0	23	GGAGCGTTGTCAGATAGAGCAGG	NONE	OK	FWD	6	GGAGCGTTGTCAGATAGAACAGG_1_1<KhS2635:720^R>,GGAGCGTTGTCAGATAGAGCAGG_1_0<KhC13:1724745^F>,GGAGCGTTGTCAGTTGTAACTGG_1_4<KhL37:450137^R>,GGATCGTAGACAGATAGAGCTGG_1_3<KhC4:4946002^R>,GGCGTGTTGCCAGATATAGCCGG_1_4<KhC11:4520526^R>,GTAGCGATGTCTGATACAGCAGG_1_4<KhC14:3970170^R>
Fbp.B::KhC13:1731173-1731195	0	23	AAAGTTACGAGAGCTGATGGTGG	NONE	OK	FWD	3	AAAGTTACGAGAGCTGATGGTGG_1_0<KhC13:1731172^F>,GAAGTTATGAGAGCTGAGAGAGG_1_4<KhC12:3447287^F>,TAAGTTACGCGCGCTGAAGGCGG_1_4<KhS1964:2311^F>
Fbp.C::KhC13:1731243-1731265	0	23	TTGGACGGAATGGAACAAGCTGG	NONE	OK	FWD	2	TTGGACGGAATGGAACAAGCTGG_1_0<KhC13:1731242^F>,TTGGTTGGAAAGGAATAAGCTGG_1_4<KhS2352:1305^F>
Fascin.A::KhL71:132165-132187	0	23	GGCTTCAAGATCGCAGCTAGTGG	NONE	OK	FWD	2	GGCTTCAAGATCGCAGCTAGTGG_1_0<KhL71:132164^R>,GTCTTCACCATCGGAGCTAGCGG_1_4<KhC3:6097898^F>
Fascin.B::KhL71:132111-132133	0	23	TTGGAGCAAGAACCTAACGGCGG	NONE	OK	FWD	5	TTGGAGCAACAAGCTAACCCTGG_1_4<KhC1:6622198^F>,TTGGAGCAAGAACCTAACGGCGG_1_0<KhL71:132110^R>,TTGGAGCACGATCGTAACAGTGG_1_4<KhC11:3792380^F>,TTGGAGCTAGAAATTCACGGTGG_1_4<KhS902:12590^F>,TTGGAGTATGATCCTAACAGAGG_1_4<KhC4:4965698^R>
Fascin.C::KhL71:130741-130763	0	23	CGGCTCCCAGGTAACGACCGAGG	NONE	OK	FWD	1	CGGCTCCCAGGTAACGACCGAGG_1_0<KhL71:130740^F>
Gnaio_3BA::KhC1:4939624-4939646	0	23	TATCGATCGTAACCTCCGTGTGG	NONE	OK	FWD	2	TATCGATCGTAACCTCCGTGTGG_1_0<KhC1:4939623^F>,TATTGATCGCAACCTGTGTGAGG_1_4<KhC9:5905646^F>
Arhgap5/35.A::KhL105:26710-26732	0	23	GGGTTCGTGTGATGGTTCCGGGG	NONE	OK	FWD	1	GGGTTCGTGTGATGGTTCCGGGG_1_0<KhL105:26709^R>
Rab11.C::KhL96:189582-189604	0	23	AATACGCCGATGCAAGCGCGCGG	NONE	OK	FWD	2	AATACGCCGATGCAAGCGCGCGG_1_0<KhL96:189581^R>,AGAAGGCCGAAGCAAGCGCGAGG_1_4<KhC7:5229128^R>
Gnaio_3BB::KhC1:4944822-4944844	0	23	CTTCTGAGTAACCGTCCTCGTGG	NONE	OK	FWD	3	CTTCGCAGTAACCGTCGTCCTGG_1_4<KhC1:7452122^F>,CTTCTGAGTAACCGTCCTCGTGG_1_0<KhC1:4944821^R>,CTTCTGATTGACTTTCCTCGAGG_1_4<KhL42:27891^F>
Gnaio_3BC::KhC1:4945326-4945348	0	23	TTGGCTGGATCCCTGGAAGATGG	NONE	OK	FWD	3	TTGGCAAAATCCCTGGAAGCAGG_1_4<KhC11:2459057^R>,TTGGCTGGATCCCTGGAAGATGG_1_0<KhC1:4945325^F>,TTGGCTGGGTGCATGGAAAAGGG_1_4<KhC7:2703330^R>
Gpr133-r.A::KhC11:1978030-1978052	0	23	GGAATGGGTAATGATTCTGGTGG	NONE	OK	FWD	2	GGAATGCGGGAGGATTCTGGAGG_1_4<KhC11:228305^F>,GGAATGGGTAATGATTCTGGTGG_1_0<KhC11:1978029^R>
Gpr133-r.B::KhC11:1972585-1972607	0	23	GAGCGATAGAGATTGCACTCAGG	NONE	OK	FWD	2	CAGCGATACAGATCGAACTCTGG_1_4<KhL170:68344^R>,GAGCGATAGAGATTGCACTCAGG_1_0<KhC11:1972584^F>
Gpr133-r.C::KhC11:1972526-1972548	0	23	GGAGGGTCCTTCTTAAAGATCGG	NONE	OK	FWD	4	GGAGAGTCTTTCTTAAAGCTTGG_1_3<KhC8:2750189^R>,GGAGGGTCCTTCTTAAAGATCGG_1_0<KhC11:1972525^R>,GGAGGTTCCTTCTTAACGAGAGG_1_3<KhC4:5283821^R>,GGGGGGTTCTTCTAAAAGACGGG_1_4<KhC1:5227414^R>
Gpr84-related.A::KhC4:2777406-2777428	0	23	ACGCTGTCTGGCCCACCGATCGG	NONE	OK	FWD	1	ACGCTGTCTGGCCCACCGATCGG_1_0<KhC4:2777405^R>
Gpr84-related.B::KhC4:2778375-2778397	0	23	CGCAGGCGCAATCAGCCACGAGG	NONE	OK	FWD	3	CGAAACCGTAATCAGCCACGAGG_1_4<KhC14:2740864^R>,CGCAGGCGCAATCAGCCACGAGG_1_0<KhC4:2778374^R>,CGCAGGTGGAATCAACCATGTGG_1_4<KhS1482:1777^F>
Gpr84-related.C::KhC4:2778425-2778447	0	23	GCCGACGGGTTACCTATCATAGG	NONE	OK	FWD	1	GCCGACGGGTTACCTATCATAGG_1_0<KhC4:2778424^F>
Ippk.A::KhC3:4620030-4620052	0	23	CATGTGTCGCCGACTCGTCAAGG	NONE	OK	FWD	1	CATGTGTCGCCGACTCGTCAAGG_1_0<KhC3:4620029^F>
Ippk.B::KhC3:4619867-4619889	0	23	AACGAACGTAATGGCTCACGCGG	NONE	OK	FWD	2	AACGAACGAAATCGCTGACGAGG_1_3<KhL38:131440^R>,AACGAACGTAATGGCTCACGCGG_1_0<KhC3:4619866^R>
Ippk.C::KhC3:4619689-4619711	0	23	GATGTCATCATTACGACGCACGG	NONE	OK	FWD	5	AATCTTATCATTAGGACGCACGG_1_4<KhL13:161548^R>,GACATCATCATTACAACGCAGGG_1_3<KhS534:45888^F>,GATGTCATCATTACATTGCCAGG_1_4<KhL4:22036^F>,GATGTCATCATTACGACGCACGG_1_0<KhC3:4619688^F>,TATGTCATAATTACGACAAATGG_1_4<KhC6:1634918^F>
Rab11.A::KhL96:189173-189195	0	23	AGATAATCGTAATCTACGAATGG	NONE	OK	FWD	4	AAATAATCGTACGTTACGAATGG_1_4<KhC8:3217701^R>,AGAAAATCGTACTCTACATATGG_1_4<KhS403:29191^F>,AGATAATCGTAATCTACGAATGG_1_0<KhL96:189172^R>,AGATAATGATAATATACGCAAGG_1_4<KhS215:48041^R>
Rab11.B::KhL96:189205-189227	0	23	GGTCGTCGTGGGCGACTCGGGGG	NONE	OK	FWD	3	GGGCGTCGTGGTCGACTTGCTGG_1_4<KhC5:4611721^F>,GGTCGTCGTGGGCGACTCGGGGG_1_0<KhL96:189204^F>,GGTCTTGGTGGTGGACTCGGCGG_1_4<KhC8:3626380^F>
